[0.098s] DEBUG:colcon:Command line arguments: ['/usr/bin/colcon', 'build', '--symlink-install']
[0.099s] DEBUG:colcon:Parsed command line arguments: Namespace(log_base=None, log_level=None, verb_name='build', build_base='build', install_base='install', merge_install=False, symlink_install=True, test_result_base=None, continue_on_error=False, executor='parallel', parallel_workers=16, event_handlers=None, ignore_user_meta=False, metas=['./colcon.meta'], base_paths=['.'], packages_ignore=None, packages_ignore_regex=None, paths=None, packages_up_to=None, packages_up_to_regex=None, packages_above=None, packages_above_and_dependencies=None, packages_above_depth=None, packages_select_by_dep=None, packages_skip_by_dep=None, packages_skip_up_to=None, packages_select_build_failed=False, packages_skip_build_finished=False, packages_select_test_failures=False, packages_skip_test_passed=False, packages_select=None, packages_skip=None, packages_select_regex=None, packages_skip_regex=None, packages_start=None, packages_end=None, allow_overriding=[], cmake_args=None, cmake_target=None, cmake_target_skip_unavailable=False, cmake_clean_cache=False, cmake_clean_first=False, cmake_force_configure=False, ament_cmake_args=None, catkin_cmake_args=None, catkin_skip_building_tests=False, mixin_files=None, mixin=None, verb_parser=<colcon_mixin.mixin.mixin_argument.MixinArgumentDecorator object at 0x7bb8d26838c0>, verb_extension=<colcon_core.verb.build.BuildVerb object at 0x7bb8d26258b0>, main=<bound method BuildVerb.main of <colcon_core.verb.build.BuildVerb object at 0x7bb8d26258b0>>, mixin_verb=('build',))
[0.132s] Level 1:colcon.colcon_core.package_discovery:discover_packages(colcon_meta) check parameters
[0.132s] Level 1:colcon.colcon_core.package_discovery:discover_packages(recursive) check parameters
[0.132s] Level 1:colcon.colcon_core.package_discovery:discover_packages(ignore) check parameters
[0.132s] Level 1:colcon.colcon_core.package_discovery:discover_packages(path) check parameters
[0.133s] Level 1:colcon.colcon_core.package_discovery:discover_packages(colcon_meta) discover
[0.133s] Level 1:colcon.colcon_core.package_discovery:discover_packages(recursive) discover
[0.133s] INFO:colcon.colcon_core.package_discovery:Crawling recursively for packages in '/home/marlon/ras/RAS-Lerobot-/src/lerobot/lerobot_gazebo_plugins'
[0.133s] Level 1:colcon.colcon_core.package_identification:_identify(.) by extensions ['ignore', 'ignore_ament_install']
[0.133s] Level 1:colcon.colcon_core.package_identification:_identify(.) by extension 'ignore'
[0.133s] Level 1:colcon.colcon_core.package_identification:_identify(.) by extension 'ignore_ament_install'
[0.133s] Level 1:colcon.colcon_core.package_identification:_identify(.) by extensions ['colcon_pkg']
[0.133s] Level 1:colcon.colcon_core.package_identification:_identify(.) by extension 'colcon_pkg'
[0.133s] Level 1:colcon.colcon_core.package_identification:_identify(.) by extensions ['colcon_meta']
[0.133s] Level 1:colcon.colcon_core.package_identification:_identify(.) by extension 'colcon_meta'
[0.133s] Level 1:colcon.colcon_core.package_identification:_identify(.) by extensions ['ros']
[0.133s] Level 1:colcon.colcon_core.package_identification:_identify(.) by extension 'ros'
[0.157s] DEBUG:colcon.colcon_core.package_identification:Package '.' with type 'ros.ament_cmake' and name 'lerobot_gazebo_plugins'
[0.157s] Level 1:colcon.colcon_core.package_discovery:discover_packages(recursive) using defaults
[0.157s] Level 1:colcon.colcon_core.package_discovery:discover_packages(ignore) discover
[0.157s] Level 1:colcon.colcon_core.package_discovery:discover_packages(ignore) using defaults
[0.157s] Level 1:colcon.colcon_core.package_discovery:discover_packages(path) discover
[0.157s] Level 1:colcon.colcon_core.package_discovery:discover_packages(path) using defaults
[0.171s] Level 1:colcon.colcon_core.package_discovery:discover_packages(prefix_path) check parameters
[0.171s] Level 1:colcon.colcon_core.package_discovery:discover_packages(prefix_path) discover
[0.172s] WARNING:colcon.colcon_core.prefix_path.colcon:The path '/home/marlon/ras/RAS-Lerobot-/src/lerobot/install' in the environment variable COLCON_PREFIX_PATH doesn't exist
[0.172s] WARNING:colcon.colcon_core.prefix_path.colcon:The path '/home/marlon/ras/RAS-Lerobot-/src/install' in the environment variable COLCON_PREFIX_PATH doesn't exist
[0.172s] WARNING:colcon.colcon_ros.prefix_path.ament:The path '/home/marlon/ras/RAS-Lerobot-/src/lerobot/install/lerobot_description' in the environment variable AMENT_PREFIX_PATH doesn't exist
[0.172s] WARNING:colcon.colcon_ros.prefix_path.ament:The path '/home/marlon/ras/RAS-Lerobot-/src/install/lerobot_description' in the environment variable AMENT_PREFIX_PATH doesn't exist
[0.172s] WARNING:colcon.colcon_ros.prefix_path.catkin:The path '/home/marlon/ras/RAS-Lerobot-/src/lerobot/install/lerobot_description' in the environment variable CMAKE_PREFIX_PATH doesn't exist
[0.172s] WARNING:colcon.colcon_ros.prefix_path.catkin:The path '/home/marlon/ras/RAS-Lerobot-/src/install/lerobot_description' in the environment variable CMAKE_PREFIX_PATH doesn't exist
[0.175s] DEBUG:colcon.colcon_installed_package_information.package_discovery:Found 408 installed packages in /opt/ros/jazzy
[0.176s] Level 1:colcon.colcon_core.package_discovery:discover_packages(prefix_path) using defaults
[0.223s] Level 5:colcon.colcon_core.verb:set package 'lerobot_gazebo_plugins' build argument 'cmake_args' from command line to 'None'
[0.223s] Level 5:colcon.colcon_core.verb:set package 'lerobot_gazebo_plugins' build argument 'cmake_target' from command line to 'None'
[0.223s] Level 5:colcon.colcon_core.verb:set package 'lerobot_gazebo_plugins' build argument 'cmake_target_skip_unavailable' from command line to 'False'
[0.223s] Level 5:colcon.colcon_core.verb:set package 'lerobot_gazebo_plugins' build argument 'cmake_clean_cache' from command line to 'False'
[0.223s] Level 5:colcon.colcon_core.verb:set package 'lerobot_gazebo_plugins' build argument 'cmake_clean_first' from command line to 'False'
[0.223s] Level 5:colcon.colcon_core.verb:set package 'lerobot_gazebo_plugins' build argument 'cmake_force_configure' from command line to 'False'
[0.223s] Level 5:colcon.colcon_core.verb:set package 'lerobot_gazebo_plugins' build argument 'ament_cmake_args' from command line to 'None'
[0.223s] Level 5:colcon.colcon_core.verb:set package 'lerobot_gazebo_plugins' build argument 'catkin_cmake_args' from command line to 'None'
[0.223s] Level 5:colcon.colcon_core.verb:set package 'lerobot_gazebo_plugins' build argument 'catkin_skip_building_tests' from command line to 'False'
[0.223s] DEBUG:colcon.colcon_core.verb:Building package 'lerobot_gazebo_plugins' with the following arguments: {'ament_cmake_args': None, 'build_base': '/home/marlon/ras/RAS-Lerobot-/src/lerobot/lerobot_gazebo_plugins/build/lerobot_gazebo_plugins', 'catkin_cmake_args': None, 'catkin_skip_building_tests': False, 'cmake_args': None, 'cmake_clean_cache': False, 'cmake_clean_first': False, 'cmake_force_configure': False, 'cmake_target': None, 'cmake_target_skip_unavailable': False, 'install_base': '/home/marlon/ras/RAS-Lerobot-/src/lerobot/lerobot_gazebo_plugins/install/lerobot_gazebo_plugins', 'merge_install': False, 'path': '/home/marlon/ras/RAS-Lerobot-/src/lerobot/lerobot_gazebo_plugins', 'symlink_install': True, 'test_result_base': None}
[0.223s] INFO:colcon.colcon_core.executor:Executing jobs using 'parallel' executor
[0.224s] DEBUG:colcon.colcon_parallel_executor.executor.parallel:run_until_complete
[0.224s] INFO:colcon.colcon_ros.task.ament_cmake.build:Building ROS package in '/home/marlon/ras/RAS-Lerobot-/src/lerobot/lerobot_gazebo_plugins' with build type 'ament_cmake'
[0.225s] INFO:colcon.colcon_cmake.task.cmake.build:Building CMake package in '/home/marlon/ras/RAS-Lerobot-/src/lerobot/lerobot_gazebo_plugins'
[0.226s] INFO:colcon.colcon_core.plugin_system:Skipping extension 'colcon_core.shell.bat': Not used on non-Windows systems
[0.226s] INFO:colcon.colcon_core.shell:Skip shell extension 'powershell' for command environment: Not usable outside of PowerShell
[0.227s] DEBUG:colcon.colcon_core.shell:Skip shell extension 'dsv' for command environment
[0.236s] DEBUG:colcon.colcon_core.event_handler.log_command:Invoking command in '/home/marlon/ras/RAS-Lerobot-/src/lerobot/lerobot_gazebo_plugins/build/lerobot_gazebo_plugins': CMAKE_PREFIX_PATH=${CMAKE_PREFIX_PATH}:/opt/ros/jazzy DEBUGINFOD_URLS=https://debuginfod.ubuntu.com /usr/bin/cmake --build /home/marlon/ras/RAS-Lerobot-/src/lerobot/lerobot_gazebo_plugins/build/lerobot_gazebo_plugins -- -j16 -l16
[6.543s] DEBUG:colcon.colcon_core.event_handler.log_command:Invoked command in '/home/marlon/ras/RAS-Lerobot-/src/lerobot/lerobot_gazebo_plugins/build/lerobot_gazebo_plugins' returned '2': CMAKE_PREFIX_PATH=${CMAKE_PREFIX_PATH}:/opt/ros/jazzy DEBUGINFOD_URLS=https://debuginfod.ubuntu.com /usr/bin/cmake --build /home/marlon/ras/RAS-Lerobot-/src/lerobot/lerobot_gazebo_plugins/build/lerobot_gazebo_plugins -- -j16 -l16
[6.544s] Level 1:colcon.colcon_core.environment:create_environment_scripts_only(lerobot_gazebo_plugins)
[6.546s] Level 1:colcon.colcon_core.environment:checking '/home/marlon/ras/RAS-Lerobot-/src/lerobot/lerobot_gazebo_plugins/install/lerobot_gazebo_plugins' for CMake module files
[6.546s] Level 1:colcon.colcon_core.environment:checking '/home/marlon/ras/RAS-Lerobot-/src/lerobot/lerobot_gazebo_plugins/install/lerobot_gazebo_plugins' for CMake config files
[6.546s] Level 1:colcon.colcon_core.environment:checking '/home/marlon/ras/RAS-Lerobot-/src/lerobot/lerobot_gazebo_plugins/install/lerobot_gazebo_plugins/bin'
[6.547s] Level 1:colcon.colcon_core.environment:checking '/home/marlon/ras/RAS-Lerobot-/src/lerobot/lerobot_gazebo_plugins/install/lerobot_gazebo_plugins/lib/pkgconfig/lerobot_gazebo_plugins.pc'
[6.547s] Level 1:colcon.colcon_core.environment:checking '/home/marlon/ras/RAS-Lerobot-/src/lerobot/lerobot_gazebo_plugins/install/lerobot_gazebo_plugins/lib/python3.12/site-packages'
[6.547s] Level 1:colcon.colcon_core.environment:checking '/home/marlon/ras/RAS-Lerobot-/src/lerobot/lerobot_gazebo_plugins/install/lerobot_gazebo_plugins/bin'
[6.547s] INFO:colcon.colcon_core.shell:Creating package script '/home/marlon/ras/RAS-Lerobot-/src/lerobot/lerobot_gazebo_plugins/install/lerobot_gazebo_plugins/share/lerobot_gazebo_plugins/package.ps1'
[6.548s] INFO:colcon.colcon_core.shell:Creating package descriptor '/home/marlon/ras/RAS-Lerobot-/src/lerobot/lerobot_gazebo_plugins/install/lerobot_gazebo_plugins/share/lerobot_gazebo_plugins/package.dsv'
[6.548s] INFO:colcon.colcon_core.shell:Creating package script '/home/marlon/ras/RAS-Lerobot-/src/lerobot/lerobot_gazebo_plugins/install/lerobot_gazebo_plugins/share/lerobot_gazebo_plugins/package.sh'
[6.549s] INFO:colcon.colcon_core.shell:Creating package script '/home/marlon/ras/RAS-Lerobot-/src/lerobot/lerobot_gazebo_plugins/install/lerobot_gazebo_plugins/share/lerobot_gazebo_plugins/package.bash'
[6.549s] INFO:colcon.colcon_core.shell:Creating package script '/home/marlon/ras/RAS-Lerobot-/src/lerobot/lerobot_gazebo_plugins/install/lerobot_gazebo_plugins/share/lerobot_gazebo_plugins/package.zsh'
[6.550s] Level 1:colcon.colcon_core.environment:create_file_with_runtime_dependencies(/home/marlon/ras/RAS-Lerobot-/src/lerobot/lerobot_gazebo_plugins/install/lerobot_gazebo_plugins/share/colcon-core/packages/lerobot_gazebo_plugins)
[6.560s] DEBUG:colcon.colcon_parallel_executor.executor.parallel:closing loop
[6.560s] DEBUG:colcon.colcon_parallel_executor.executor.parallel:loop closed
[6.560s] DEBUG:colcon.colcon_parallel_executor.executor.parallel:run_until_complete finished with '2'
[6.560s] DEBUG:colcon.colcon_core.event_reactor:joining thread
[6.566s] INFO:colcon.colcon_core.plugin_system:Skipping extension 'colcon_notification.desktop_notification.terminal_notifier': Not used on non-Darwin systems
[6.566s] INFO:colcon.colcon_core.plugin_system:Skipping extension 'colcon_notification.desktop_notification.win32': Not used on non-Windows systems
[6.566s] INFO:colcon.colcon_notification.desktop_notification:Sending desktop notification using 'notify2'
[6.576s] DEBUG:colcon.colcon_core.event_reactor:joined thread
[6.577s] INFO:colcon.colcon_core.shell:Creating prefix script '/home/marlon/ras/RAS-Lerobot-/src/lerobot/lerobot_gazebo_plugins/install/local_setup.ps1'
[6.577s] INFO:colcon.colcon_core.shell:Creating prefix util module '/home/marlon/ras/RAS-Lerobot-/src/lerobot/lerobot_gazebo_plugins/install/_local_setup_util_ps1.py'
[6.578s] INFO:colcon.colcon_core.shell:Creating prefix chain script '/home/marlon/ras/RAS-Lerobot-/src/lerobot/lerobot_gazebo_plugins/install/setup.ps1'
[6.579s] INFO:colcon.colcon_core.shell:Creating prefix script '/home/marlon/ras/RAS-Lerobot-/src/lerobot/lerobot_gazebo_plugins/install/local_setup.sh'
[6.579s] INFO:colcon.colcon_core.shell:Creating prefix util module '/home/marlon/ras/RAS-Lerobot-/src/lerobot/lerobot_gazebo_plugins/install/_local_setup_util_sh.py'
[6.580s] INFO:colcon.colcon_core.shell:Creating prefix chain script '/home/marlon/ras/RAS-Lerobot-/src/lerobot/lerobot_gazebo_plugins/install/setup.sh'
[6.580s] INFO:colcon.colcon_core.shell:Creating prefix script '/home/marlon/ras/RAS-Lerobot-/src/lerobot/lerobot_gazebo_plugins/install/local_setup.bash'
[6.581s] INFO:colcon.colcon_core.shell:Creating prefix chain script '/home/marlon/ras/RAS-Lerobot-/src/lerobot/lerobot_gazebo_plugins/install/setup.bash'
[6.581s] INFO:colcon.colcon_core.shell:Creating prefix script '/home/marlon/ras/RAS-Lerobot-/src/lerobot/lerobot_gazebo_plugins/install/local_setup.zsh'
[6.582s] INFO:colcon.colcon_core.shell:Creating prefix chain script '/home/marlon/ras/RAS-Lerobot-/src/lerobot/lerobot_gazebo_plugins/install/setup.zsh'
