[0.010s] Invoking command in '/home/marlon/ras/RAS-Lerobot-/src/lerobot/lerobot_gazebo_plugins/build/lerobot_gazebo_plugins': CMAKE_PREFIX_PATH=${CMAKE_PREFIX_PATH}:/opt/ros/jazzy DEBUGINFOD_URLS=https://debuginfod.ubuntu.com /usr/bin/cmake /home/marlon/ras/RAS-Lerobot-/src/lerobot/lerobot_gazebo_plugins -DAMENT_CMAKE_SYMLINK_INSTALL=1 -DCMAKE_INSTALL_PREFIX=/home/marlon/ras/RAS-Lerobot-/src/lerobot/lerobot_gazebo_plugins/install/lerobot_gazebo_plugins
[0.062s] -- The C compiler identification is GNU 13.3.0
[0.115s] -- The CXX compiler identification is GNU 13.3.0
[0.131s] -- Detecting C compiler ABI info
[0.220s] -- Detecting C compiler ABI info - done
[0.228s] -- Check for working C compiler: /usr/bin/cc - skipped
[0.228s] -- Detecting C compile features
[0.228s] -- Detecting C compile features - done
[0.238s] -- Detecting CXX compiler ABI info
[0.337s] -- Detecting CXX compiler ABI info - done
[0.345s] -- Check for working CXX compiler: /usr/bin/c++ - skipped
[0.345s] -- Detecting CXX compile features
[0.345s] -- Detecting CXX compile features - done
[0.350s] -- Found ament_cmake: 2.5.6 (/opt/ros/jazzy/share/ament_cmake/cmake)
[0.492s] -- Found Python3: /usr/bin/python3 (found version "3.12.3") found components: Interpreter 
[0.556s] -- Override CMake install command with custom implementation using symlinks instead of copying resources
[0.610s] -- Found rclcpp: 28.1.18 (/opt/ros/jazzy/share/rclcpp/cmake)
[0.666s] -- Found rosidl_generator_c: 4.6.7 (/opt/ros/jazzy/share/rosidl_generator_c/cmake)
[0.683s] -- Found rosidl_generator_cpp: 4.6.7 (/opt/ros/jazzy/share/rosidl_generator_cpp/cmake)
[0.703s] -- Using all available rosidl_typesupport_c: rosidl_typesupport_fastrtps_c;rosidl_typesupport_introspection_c
[0.725s] -- Using all available rosidl_typesupport_cpp: rosidl_typesupport_fastrtps_cpp;rosidl_typesupport_introspection_cpp
[0.813s] -- Found rmw_implementation_cmake: 7.3.3 (/opt/ros/jazzy/share/rmw_implementation_cmake/cmake)
[0.817s] -- Found rmw_fastrtps_cpp: 8.4.3 (/opt/ros/jazzy/share/rmw_fastrtps_cpp/cmake)
[0.910s] -- Found OpenSSL: /usr/lib/x86_64-linux-gnu/libcrypto.so (found version "3.0.13")  
[0.931s] -- Found FastRTPS: /opt/ros/jazzy/include (Required is at least version "2.13") 
[0.954s] -- Using RMW implementation 'rmw_fastrtps_cpp' as default
[1.036s] -- Found rclcpp_lifecycle: 28.1.18 (/opt/ros/jazzy/share/rclcpp_lifecycle/cmake)
[1.070s] -- Found pluginlib: 5.4.5 (/opt/ros/jazzy/share/pluginlib/cmake)
[1.092s] -- Found hardware_interface: 4.44.0 (/opt/ros/jazzy/share/hardware_interface/cmake)
[1.441s] -- Found controller_manager: 4.44.0 (/opt/ros/jazzy/share/controller_manager/cmake)
[1.571s] -- Found gz_sim_vendor: 0.0.10 (/opt/ros/jazzy/share/gz_sim_vendor/cmake)
[1.644s] -- Looking for gz-sim8 -- found version 8.11.0
[1.652s] -- Searching for dependencies of gz-sim8
[1.654s] -- Looking for sdformat14 -- found version 14.9.0
[1.654s] -- Searching for dependencies of sdformat14
[1.660s] -- Checking for module 'tinyxml2'
[1.676s] --   Found tinyxml2, version 10.0.0
[1.719s] -- Looking for gz-math7 -- found version 7.5.2
[1.719s] -- Searching for dependencies of gz-math7
[1.722s] -- Looking for gz-utils2 -- found version 2.2.1
[1.722s] -- Searching for dependencies of gz-utils2
[1.723s] -- Looking for gz-utils2 -- found version 2.2.1
[1.723s] -- Searching for dependencies of gz-utils2
[1.723s] -- Searching for <gz-utils2> component [cli]
[1.726s] -- Looking for gz-utils2-cli -- found version 2.2.1
[1.726s] -- Searching for dependencies of gz-utils2-cli
[1.730s] -- Looking for gz-plugin2 -- found version 2.0.4
[1.730s] -- Searching for dependencies of gz-plugin2
[1.730s] -- Looking for gz-utils2 -- found version 2.2.1
[1.731s] -- Searching for <gz-plugin2> component [loader]
[1.733s] -- Looking for gz-plugin2-loader -- found version 2.0.4
[1.733s] -- Searching for dependencies of gz-plugin2-loader
[1.734s] -- Searching for <gz-plugin2> component [register]
[1.737s] -- Looking for gz-plugin2-register -- found version 2.0.4
[1.737s] -- Searching for dependencies of gz-plugin2-register
[1.740s] -- Looking for gz-transport13 -- found version 13.5.0
[1.740s] -- Searching for dependencies of gz-transport13
[1.774s] -- Found Protobuf: /usr/lib/x86_64-linux-gnu/libprotobuf.so (found version "3.21.12") 
[1.791s] -- Config-file not installed for ZeroMQ -- checking for pkg-config
[1.796s] -- Checking for module 'libzmq >= 4'
[1.813s] --   Found libzmq, version 4.3.5
[1.860s] -- Found ZeroMQ: TRUE (Required is at least version "4") 
[1.865s] -- Checking for module 'uuid'
[1.882s] --   Found uuid, version 2.39.3
[1.922s] -- Found UUID: TRUE  
[1.923s] -- Looking for gz-utils2 -- found version 2.2.1
[1.926s] -- Looking for gz-msgs10 -- found version 10.3.2
[1.926s] -- Searching for dependencies of gz-msgs10
[1.949s] -- Looking for gz-utils2 -- found version 2.2.1
[1.949s] -- Looking for gz-math7 -- found version 7.5.2
[1.956s] -- Searching for <gz-transport13> component [log]
[1.958s] -- Looking for gz-transport13-log -- found version 13.5.0
[1.958s] -- Searching for dependencies of gz-transport13-log
[1.959s] -- Searching for <gz-transport13> component [parameters]
[1.961s] -- Looking for gz-transport13-parameters -- found version 13.5.0
[1.961s] -- Searching for dependencies of gz-transport13-parameters
[1.962s] -- Looking for gz-msgs10 -- found version 10.3.2
[1.965s] -- Looking for gz-common5 -- found version 5.8.0
[1.965s] -- Searching for dependencies of gz-common5
[1.966s] -- Looking for gz-utils2 -- found version 2.2.1
[1.966s] -- Looking for dlfcn.h - found
[1.968s] -- Looking for libdl - found
[1.970s] -- Found DL: TRUE  
[1.976s] -- Searching for <gz-common5> component [av]
[1.979s] -- Looking for gz-common5-av -- found version 5.8.0
[1.979s] -- Searching for dependencies of gz-common5-av
[1.984s] -- Checking for module 'libswscale'
[2.001s] --   Found libswscale, version 7.5.100
[2.041s] -- Found SWSCALE: TRUE  
[2.046s] -- Checking for module 'libavdevice >= 56.4.100'
[2.063s] --   Found libavdevice, version 60.3.100
[2.115s] -- Found AVDEVICE: TRUE (Required is at least version "56.4.100") 
[2.120s] -- Checking for module 'libavformat'
[2.139s] --   Found libavformat, version 60.16.100
[2.181s] -- Found AVFORMAT: TRUE  
[2.186s] -- Checking for module 'libavcodec'
[2.203s] --   Found libavcodec, version 60.31.102
[2.245s] -- Found AVCODEC: TRUE  
[2.250s] -- Checking for module 'libavutil'
[2.266s] --   Found libavutil, version 58.29.100
[2.306s] -- Found AVUTIL: TRUE  
[2.306s] -- Searching for <gz-common5> component [events]
[2.310s] -- Looking for gz-common5-events -- found version 5.8.0
[2.310s] -- Searching for dependencies of gz-common5-events
[2.310s] -- Looking for gz-math7 -- found version 7.5.2
[2.310s] -- Searching for <gz-common5> component [graphics]
[2.313s] -- Looking for gz-common5-graphics -- found version 5.8.0
[2.313s] -- Searching for dependencies of gz-common5-graphics
[2.314s] -- Looking for gz-math7 -- found version 7.5.2
[2.320s] -- Found GzAssimp: TRUE (found version "5.3.0") 
[2.321s] -- Searching for <gz-common5> component [io]
[2.324s] -- Looking for gz-common5-io -- found version 5.8.0
[2.324s] -- Searching for dependencies of gz-common5-io
[2.324s] -- Searching for <gz-common5> component [profiler]
[2.327s] -- Looking for gz-common5-profiler -- found version 5.8.0
[2.327s] -- Searching for dependencies of gz-common5-profiler
[2.330s] -- Looking for gz-fuel_tools9 -- found version 9.1.1
[2.331s] -- Searching for dependencies of gz-fuel_tools9
[2.427s] -- Found CURL: /usr/lib/x86_64-linux-gnu/libcurl.so (found version "8.5.0")  
[2.439s] -- Checking for module 'jsoncpp'
[2.456s] --   Found jsoncpp, version 1.9.5
[2.497s] -- Found JSONCPP: TRUE  
[2.517s] -- Checking for module 'yaml-0.1'
[2.533s] --   Found yaml-0.1, version 0.2.5
[2.573s] -- Found YAML: TRUE  
[2.579s] -- Checking for module 'libzip'
[2.595s] --   Found libzip, version 1.7.3
[2.635s] -- Found ZIP: TRUE  
[2.636s] -- Looking for gz-utils2 -- found version 2.2.1
[2.636s] -- Looking for gz-common5 -- found version 5.8.0
[2.636s] -- Searching for dependencies of gz-common5
[2.636s] -- Looking for gz-utils2 -- found version 2.2.1
[2.637s] -- Looking for dlfcn.h - found
[2.637s] -- Looking for libdl - found
[2.644s] -- Searching for <gz-common5> component [testing]
[2.647s] -- Looking for gz-common5-testing -- found version 5.8.0
[2.647s] -- Searching for dependencies of gz-common5-testing
[2.648s] -- Looking for gz-math7 -- found version 7.5.2
[2.648s] -- Looking for gz-msgs10 -- found version 10.3.2
[2.651s] -- Looking for gz-gui8 -- found version 8.4.0
[2.651s] -- Searching for dependencies of gz-gui8
[2.679s] -- Looking for gz-utils2 -- found version 2.2.1
[2.680s] -- Looking for gz-math7 -- found version 7.5.2
[2.680s] -- Looking for gz-common5 -- found version 5.8.0
[2.680s] -- Looking for gz-plugin2 -- found version 2.0.4
[2.681s] -- Looking for gz-transport13 -- found version 13.5.0
[2.683s] -- Looking for gz-rendering8 -- found version 8.2.3
[2.683s] -- Searching for dependencies of gz-rendering8
[2.684s] -- Looking for gz-math7 -- found version 7.5.2
[2.684s] -- Searching for dependencies of gz-math7
[2.684s] -- Looking for gz-utils2 -- found version 2.2.1
[2.684s] -- Searching for <gz-math7> component [eigen3]
[2.687s] -- Looking for gz-math7-eigen3 -- found version 7.5.2
[2.688s] -- Searching for dependencies of gz-math7-eigen3
[2.689s] -- Looking for gz-common5 -- found version 5.8.0
[2.689s] -- Searching for dependencies of gz-common5
[2.689s] -- Looking for gz-utils2 -- found version 2.2.1
[2.690s] -- Looking for dlfcn.h - found
[2.690s] -- Looking for libdl - found
[2.698s] -- Searching for <gz-common5> component [graphics]
[2.698s] -- Searching for <gz-common5> component [events]
[2.698s] -- Searching for <gz-common5> component [geospatial]
[2.701s] -- Looking for gz-common5-geospatial -- found version 5.8.0
[2.701s] -- Searching for dependencies of gz-common5-geospatial
[2.701s] -- Looking for gz-math7 -- found version 7.5.2
[2.701s] -- Looking for gz-common5 -- found version 5.8.0
[2.702s] -- Looking for gz-plugin2 -- found version 2.0.4
[2.702s] -- Searching for dependencies of gz-plugin2
[2.703s] -- Looking for gz-utils2 -- found version 2.2.1
[2.703s] -- Searching for <gz-plugin2> component [all]
[2.708s] -- Looking for all libraries of gz-plugin2 -- found version 2.0.4
[2.709s] -- Looking for gz-plugin2 -- found version 2.0.4
[2.710s] -- Looking for gz-utils2 -- found version 2.2.1
[2.723s] -- Found OpenGL: /usr/lib/x86_64-linux-gnu/libOpenGL.so  found components: OpenGL 
[2.724s] -- Looking for gz-msgs10 -- found version 10.3.2
[2.748s] -- Looking for gz-physics7 -- found version 7.6.0
[2.748s] -- Searching for dependencies of gz-physics7
[2.748s] -- Looking for gz-common5 -- found version 5.8.0
[2.749s] -- Looking for gz-math7 -- found version 7.5.2
[2.749s] -- Looking for gz-plugin2 -- found version 2.0.4
[2.749s] -- Looking for gz-utils2 -- found version 2.2.1
[2.750s] -- Searching for <gz-physics7> component [heightmap]
[2.752s] -- Looking for gz-physics7-heightmap -- found version 7.6.0
[2.752s] -- Searching for dependencies of gz-physics7-heightmap
[2.753s] -- Looking for gz-common5 -- found version 5.8.0
[2.753s] -- Searching for <gz-physics7> component [mesh]
[2.755s] -- Looking for gz-physics7-mesh -- found version 7.6.0
[2.755s] -- Searching for dependencies of gz-physics7-mesh
[2.755s] -- Looking for gz-common5 -- found version 5.8.0
[2.756s] -- Searching for <gz-physics7> component [sdf]
[2.758s] -- Looking for gz-physics7-sdf -- found version 7.6.0
[2.758s] -- Searching for dependencies of gz-physics7-sdf
[2.758s] -- Looking for sdformat14 -- found version 14.9.0
[2.761s] -- Looking for gz-sensors8 -- found version 8.2.2
[2.761s] -- Searching for dependencies of gz-sensors8
[2.784s] -- Looking for gz-math7 -- found version 7.5.2
[2.785s] -- Looking for gz-common5 -- found version 5.8.0
[2.785s] -- Looking for gz-transport13 -- found version 13.5.0
[2.785s] -- Looking for gz-rendering8 -- found version 8.2.3
[2.786s] -- Looking for gz-msgs10 -- found version 10.3.2
[2.786s] -- Looking for sdformat14 -- found version 14.9.0
[2.786s] -- Searching for <gz-sensors8> component [air_pressure]
[2.789s] -- Looking for gz-sensors8-air_pressure -- found version 8.2.2
[2.789s] -- Searching for dependencies of gz-sensors8-air_pressure
[2.789s] -- Searching for <gz-sensors8> component [air_speed]
[2.791s] -- Looking for gz-sensors8-air_speed -- found version 8.2.2
[2.791s] -- Searching for dependencies of gz-sensors8-air_speed
[2.792s] -- Searching for <gz-sensors8> component [altimeter]
[2.794s] -- Looking for gz-sensors8-altimeter -- found version 8.2.2
[2.794s] -- Searching for dependencies of gz-sensors8-altimeter
[2.794s] -- Searching for <gz-sensors8> component [imu]
[2.796s] -- Looking for gz-sensors8-imu -- found version 8.2.2
[2.796s] -- Searching for dependencies of gz-sensors8-imu
[2.797s] -- Searching for <gz-sensors8> component [force_torque]
[2.799s] -- Looking for gz-sensors8-force_torque -- found version 8.2.2
[2.799s] -- Searching for dependencies of gz-sensors8-force_torque
[2.799s] -- Searching for <gz-sensors8> component [logical_camera]
[2.801s] -- Looking for gz-sensors8-logical_camera -- found version 8.2.2
[2.801s] -- Searching for dependencies of gz-sensors8-logical_camera
[2.801s] -- Searching for <gz-sensors8> component [magnetometer]
[2.803s] -- Looking for gz-sensors8-magnetometer -- found version 8.2.2
[2.804s] -- Searching for dependencies of gz-sensors8-magnetometer
[2.804s] -- Searching for <gz-sensors8> component [navsat]
[2.807s] -- Looking for gz-sensors8-navsat -- found version 8.2.2
[2.807s] -- Searching for dependencies of gz-sensors8-navsat
[2.807s] -- Searching for <gz-sensors8> component [dvl]
[2.809s] -- Looking for gz-sensors8-dvl -- found version 8.2.2
[2.809s] -- Searching for dependencies of gz-sensors8-dvl
[2.809s] -- Looking for gz-sensors8 -- found version 8.2.2
[2.810s] -- Searching for dependencies of gz-sensors8
[2.833s] -- Looking for gz-math7 -- found version 7.5.2
[2.833s] -- Looking for gz-common5 -- found version 5.8.0
[2.834s] -- Looking for gz-transport13 -- found version 13.5.0
[2.834s] -- Looking for gz-rendering8 -- found version 8.2.3
[2.834s] -- Looking for gz-msgs10 -- found version 10.3.2
[2.835s] -- Looking for sdformat14 -- found version 14.9.0
[2.835s] -- Searching for <gz-sensors8> component [rendering]
[2.837s] -- Looking for gz-sensors8-rendering -- found version 8.2.2
[2.837s] -- Searching for dependencies of gz-sensors8-rendering
[2.838s] -- Searching for <gz-sensors8> component [rendering]
[2.838s] -- Searching for <gz-sensors8> component [lidar]
[2.840s] -- Looking for gz-sensors8-lidar -- found version 8.2.2
[2.840s] -- Searching for dependencies of gz-sensors8-lidar
[2.841s] -- Looking for gz-sensors8 -- found version 8.2.2
[2.841s] -- Searching for <gz-sensors8> component [gpu_lidar]
[2.843s] -- Looking for gz-sensors8-gpu_lidar -- found version 8.2.2
[2.843s] -- Searching for dependencies of gz-sensors8-gpu_lidar
[2.843s] -- Looking for gz-sensors8 -- found version 8.2.2
[2.844s] -- Searching for <gz-sensors8> component [camera]
[2.846s] -- Looking for gz-sensors8-camera -- found version 8.2.2
[2.846s] -- Searching for dependencies of gz-sensors8-camera
[2.846s] -- Looking for gz-sensors8 -- found version 8.2.2
[2.847s] -- Searching for <gz-sensors8> component [boundingbox_camera]
[2.849s] -- Looking for gz-sensors8-boundingbox_camera -- found version 8.2.2
[2.849s] -- Searching for dependencies of gz-sensors8-boundingbox_camera
[2.849s] -- Searching for <gz-sensors8> component [segmentation_camera]
[2.851s] -- Looking for gz-sensors8-segmentation_camera -- found version 8.2.2
[2.851s] -- Searching for dependencies of gz-sensors8-segmentation_camera
[2.852s] -- Searching for <gz-sensors8> component [depth_camera]
[2.854s] -- Looking for gz-sensors8-depth_camera -- found version 8.2.2
[2.854s] -- Searching for dependencies of gz-sensors8-depth_camera
[2.854s] -- Looking for gz-sensors8 -- found version 8.2.2
[2.855s] -- Searching for <gz-sensors8> component [rgbd_camera]
[2.857s] -- Looking for gz-sensors8-rgbd_camera -- found version 8.2.2
[2.857s] -- Searching for dependencies of gz-sensors8-rgbd_camera
[2.857s] -- Looking for gz-sensors8 -- found version 8.2.2
[2.858s] -- Searching for <gz-sensors8> component [thermal_camera]
[2.860s] -- Looking for gz-sensors8-thermal_camera -- found version 8.2.2
[2.860s] -- Searching for dependencies of gz-sensors8-thermal_camera
[2.860s] -- Looking for gz-sensors8 -- found version 8.2.2
[2.860s] -- Searching for <gz-sensors8> component [wide_angle_camera]
[2.862s] -- Looking for gz-sensors8-wide_angle_camera -- found version 8.2.2
[2.862s] -- Searching for dependencies of gz-sensors8-wide_angle_camera
[2.863s] -- Looking for gz-rendering8 -- found version 8.2.3
[2.864s] -- Looking for gz-math7 -- found version 7.5.2
[2.864s] -- Looking for gz-utils2 -- found version 2.2.1
[2.890s] -- Looking for gz-plugin2 -- found version 2.0.4
[2.891s] -- Looking for gz-common5 -- found version 5.8.0
[2.897s] -- Found gz_ros2_control: 1.2.17 (/opt/ros/jazzy/share/gz_ros2_control/cmake)
[2.990s] -- Configuring done (3.0s)
[3.048s] -- Generating done (0.0s)
[3.056s] -- Build files have been written to: /home/marlon/ras/RAS-Lerobot-/src/lerobot/lerobot_gazebo_plugins/build/lerobot_gazebo_plugins
[3.074s] Invoked command in '/home/marlon/ras/RAS-Lerobot-/src/lerobot/lerobot_gazebo_plugins/build/lerobot_gazebo_plugins' returned '0': CMAKE_PREFIX_PATH=${CMAKE_PREFIX_PATH}:/opt/ros/jazzy DEBUGINFOD_URLS=https://debuginfod.ubuntu.com /usr/bin/cmake /home/marlon/ras/RAS-Lerobot-/src/lerobot/lerobot_gazebo_plugins -DAMENT_CMAKE_SYMLINK_INSTALL=1 -DCMAKE_INSTALL_PREFIX=/home/marlon/ras/RAS-Lerobot-/src/lerobot/lerobot_gazebo_plugins/install/lerobot_gazebo_plugins
[3.075s] Invoking command in '/home/marlon/ras/RAS-Lerobot-/src/lerobot/lerobot_gazebo_plugins/build/lerobot_gazebo_plugins': CMAKE_PREFIX_PATH=${CMAKE_PREFIX_PATH}:/opt/ros/jazzy DEBUGINFOD_URLS=https://debuginfod.ubuntu.com /usr/bin/cmake --build /home/marlon/ras/RAS-Lerobot-/src/lerobot/lerobot_gazebo_plugins/build/lerobot_gazebo_plugins -- -j16 -l16
[3.137s] [ 50%] [32mBuilding CXX object CMakeFiles/lerobot_moveit_adapter.dir/src/lerobot_moveit_adapter.cpp.o[0m
[3.137s] [ 50%] [32mBuilding CXX object CMakeFiles/lerobot_hardware_interface.dir/src/lerobot_hardware_interface.cpp.o[0m
[6.861s] [01m[K/home/marlon/ras/RAS-Lerobot-/src/lerobot/lerobot_gazebo_plugins/src/lerobot_hardware_interface.cpp:111:33:[m[K [01;31m[Kerror: [m[K‘[01m[Klerobot_hardware_interface[m[K’ has not been declared
[6.861s]   111 | hardware_interface::return_type [01;31m[Klerobot_hardware_interface[m[K::LerobotHardwareInterface::write(
[6.861s]       |                                 [01;31m[K^~~~~~~~~~~~~~~~~~~~~~~~~~[m[K
[6.865s] In file included from [01m[K/opt/ros/jazzy/include/class_loader/class_loader/class_loader.hpp:56[m[K,
[6.865s]                  from [01m[K/opt/ros/jazzy/include/pluginlib/pluginlib/class_list_macros.hpp:40[m[K,
[6.865s]                  from [01m[K/home/marlon/ras/RAS-Lerobot-/src/lerobot/lerobot_gazebo_plugins/src/lerobot_hardware_interface.cpp:2[m[K:
[6.865s] [01m[K/home/marlon/ras/RAS-Lerobot-/src/lerobot/lerobot_gazebo_plugins/src/lerobot_hardware_interface.cpp:119:24:[m[K [01;31m[Kerror: [m[K‘[01m[Klerobot_hardware_interface[m[K’ does not name a type; did you mean ‘[01m[Klerobot_hardware_interface_EXPORTS[m[K’?
[6.865s]   119 | PLUGINLIB_EXPORT_CLASS([01;31m[Klerobot_hardware_interface[m[K::LerobotHardwareInterface,
[6.866s]       |                        [01;31m[K^~~~~~~~~~~~~~~~~~~~~~~~~~[m[K
[6.873s] [01m[K/home/marlon/ras/RAS-Lerobot-/src/lerobot/lerobot_gazebo_plugins/src/lerobot_hardware_interface.cpp:[m[K In constructor ‘[01m[K{anonymous}::ProxyExec0::[01;32m[KProxyExec0[m[K()[m[K’:
[6.873s] [01m[K/home/marlon/ras/RAS-Lerobot-/src/lerobot/lerobot_gazebo_plugins/src/lerobot_hardware_interface.cpp:119:1:[m[K [01;31m[Kerror: [m[K‘[01m[K_derived[m[K’ was not declared in this scope
[6.873s]   119 | [01;31m[KPLUGINLIB_EXPORT_CLASS[m[K(lerobot_hardware_interface::LerobotHardwareInterface,
[6.873s]       | [01;31m[K^~~~~~~~~~~~~~~~~~~~~~[m[K
[6.873s] [01m[K/home/marlon/ras/RAS-Lerobot-/src/lerobot/lerobot_gazebo_plugins/src/lerobot_hardware_interface.cpp:119:1:[m[K [01;31m[Kerror: [m[Kno matching function for call to ‘[01m[KregisterPlugin<<expression error>, {anonymous}::ProxyExec0::_base>(const char [53], const char [42])[m[K’
[6.873s]   119 | [01;31m[KPLUGINLIB_EXPORT_CLASS[m[K(lerobot_hardware_interface::LerobotHardwareInterface,
[6.873s]       | [01;31m[K^~~~~~~~~~~~~~~~~~~~~~[m[K
[6.873s] In file included from [01m[K/opt/ros/jazzy/include/class_loader/class_loader/class_loader.hpp:55[m[K:
[6.873s] [01m[K/opt/ros/jazzy/include/class_loader/class_loader/class_loader_core.hpp:241:1:[m[K [01;36m[Knote: [m[Kcandidate: ‘[01m[Ktemplate<class Derived, class Base> class_loader::impl::UniquePtr<class_loader::impl::AbstractMetaObjectBase> class_loader::impl::[01;32m[KregisterPlugin[m[K(const std::string&, const std::string&)[m[K’
[6.873s]   241 | [01;36m[KregisterPlugin[m[K(const std::string & class_name, const std::string & base_class_name)
[6.873s]       | [01;36m[K^~~~~~~~~~~~~~[m[K
[6.873s] [01m[K/opt/ros/jazzy/include/class_loader/class_loader/class_loader_core.hpp:241:1:[m[K [01;36m[Knote: [m[K  template argument deduction/substitution failed:
[6.873s] [01m[K/home/marlon/ras/RAS-Lerobot-/src/lerobot/lerobot_gazebo_plugins/src/lerobot_hardware_interface.cpp:119:1:[m[K [01;31m[Kerror: [m[Ktemplate argument 1 is invalid
[6.873s]   119 | [01;31m[KPLUGINLIB_EXPORT_CLASS[m[K(lerobot_hardware_interface::LerobotHardwareInterface,
[6.873s]       | [01;31m[K^~~~~~~~~~~~~~~~~~~~~~[m[K
[7.822s] gmake[2]: *** [CMakeFiles/lerobot_hardware_interface.dir/build.make:76: CMakeFiles/lerobot_hardware_interface.dir/src/lerobot_hardware_interface.cpp.o] Error 1
[7.822s] gmake[1]: *** [CMakeFiles/Makefile2:139: CMakeFiles/lerobot_hardware_interface.dir/all] Error 2
[7.822s] gmake[1]: *** Waiting for unfinished jobs....
[7.959s] [01m[K/home/marlon/ras/RAS-Lerobot-/src/lerobot/lerobot_gazebo_plugins/src/lerobot_moveit_adapter.cpp:211:1:[m[K [01;31m[Kerror: [m[K‘[01m[KLerobotMoveItAdapter[m[K’ does not name a type; did you mean ‘[01m[KlerobotMoveItAdapter[m[K’?
[7.959s]   211 | [01;31m[KLerobotMoveItAdapter[m[K::LerobotMoveItAdapter()
[7.959s]       | [01;31m[K^~~~~~~~~~~~~~~~~~~~[m[K
[7.959s]       | [32m[KlerobotMoveItAdapter[m[K
[7.960s] [01m[K/home/marlon/ras/RAS-Lerobot-/src/lerobot/lerobot_gazebo_plugins/src/lerobot_moveit_adapter.cpp:216:1:[m[K [01;31m[Kerror: [m[K‘[01m[KLerobotMoveItAdapter[m[K’ does not name a type; did you mean ‘[01m[KlerobotMoveItAdapter[m[K’?
[7.960s]   216 | [01;31m[KLerobotMoveItAdapter[m[K::~LerobotMoveItAdapter() = default;
[7.960s]       | [01;31m[K^~~~~~~~~~~~~~~~~~~~[m[K
[7.960s]       | [32m[KlerobotMoveItAdapter[m[K
[7.960s] [01m[K/home/marlon/ras/RAS-Lerobot-/src/lerobot/lerobot_gazebo_plugins/src/lerobot_moveit_adapter.cpp:222:6:[m[K [01;31m[Kerror: [m[K‘[01m[KLerobotMoveItAdapter[m[K’ has not been declared
[7.960s]   222 | bool [01;31m[KLerobotMoveItAdapter[m[K::initSim(
[7.960s]       |      [01;31m[K^~~~~~~~~~~~~~~~~~~~[m[K
[7.960s] [01m[K/home/marlon/ras/RAS-Lerobot-/src/lerobot/lerobot_gazebo_plugins/src/lerobot_moveit_adapter.cpp:[m[K In function ‘[01m[Kbool lerobot_gazebo_plugins::[01;32m[KinitSim[m[K(rclcpp::Node::SharedPtr&, std::map<std::__cxx11::basic_string<char>, long unsigned int>&, const hardware_interface::HardwareInfo&, gz::sim::v8::EntityComponentManager&, unsigned int)[m[K’:
[7.960s] [01m[K/home/marlon/ras/RAS-Lerobot-/src/lerobot/lerobot_gazebo_plugins/src/lerobot_moveit_adapter.cpp:229:5:[m[K [01;31m[Kerror: [m[Kinvalid use of ‘[01m[Kthis[m[K’ in non-member function
[7.960s]   229 |     [01;31m[Kthis[m[K->nh_ = model_nh;
[7.960s]       |     [01;31m[K^~~~[m[K
[7.964s] [01m[K/home/marlon/ras/RAS-Lerobot-/src/lerobot/lerobot_gazebo_plugins/src/lerobot_moveit_adapter.cpp:230:5:[m[K [01;31m[Kerror: [m[K‘[01m[Kdata_ptr_[m[K’ was not declared in this scope
[7.964s]   230 |     [01;31m[Kdata_ptr_[m[K->ecm = &ecm;
[7.964s]       |     [01;31m[K^~~~~~~~~[m[K
[7.964s] In file included from [01m[K/opt/ros/jazzy/include/rclcpp/rclcpp/copy_all_parameter_values.hpp:27[m[K,
[7.964s]                  from [01m[K/opt/ros/jazzy/include/rclcpp/rclcpp/rclcpp.hpp:171[m[K,
[7.964s]                  from [01m[K/opt/ros/jazzy/include/pal_statistics/pal_statistics/pal_statistics_utils.hpp:45[m[K,
[7.964s]                  from [01m[K/opt/ros/jazzy/include/pal_statistics/pal_statistics/pal_statistics.hpp:38[m[K,
[7.965s]                  from [01m[K/opt/ros/jazzy/include/pal_statistics/pal_statistics/pal_statistics_macros.hpp:36[m[K,
[7.965s]                  from [01m[K/opt/ros/jazzy/include/hardware_interface/hardware_interface/introspection.hpp:23[m[K,
[7.965s]                  from [01m[K/opt/ros/jazzy/include/hardware_interface/hardware_interface/handle.hpp:32[m[K,
[7.965s]                  from [01m[K/home/marlon/ras/RAS-Lerobot-/src/lerobot/lerobot_gazebo_plugins/include/lerobot_gazebo_plugins/lerobot_moveit_adapter.hpp:12[m[K,
[7.965s]                  from [01m[K/home/marlon/ras/RAS-Lerobot-/src/lerobot/lerobot_gazebo_plugins/src/lerobot_moveit_adapter.cpp:1[m[K:
[7.965s] [01m[K/home/marlon/ras/RAS-Lerobot-/src/lerobot/lerobot_gazebo_plugins/src/lerobot_moveit_adapter.cpp:235:22:[m[K [01;31m[Kerror: [m[Kinvalid use of ‘[01m[Kthis[m[K’ in non-member function
[7.965s]   235 |         RCLCPP_ERROR([01;31m[Kthis[m[K->nh_->get_logger(), "No joints were found in hardware_info.");
[7.965s]       |                      [01;31m[K^~~~[m[K
[7.965s] [01m[K/home/marlon/ras/RAS-Lerobot-/src/lerobot/lerobot_gazebo_plugins/src/lerobot_moveit_adapter.cpp:235:22:[m[K [01;31m[Kerror: [m[Kinvalid use of ‘[01m[Kthis[m[K’ in non-member function
[7.965s] [01m[K/home/marlon/ras/RAS-Lerobot-/src/lerobot/lerobot_gazebo_plugins/src/lerobot_moveit_adapter.cpp:235:9:[m[K [01;31m[Kerror: [m[Ktemplate argument 1 is invalid
[7.965s]   235 |         [01;31m[KRCLCPP_ERROR[m[K(this->nh_->get_logger(), "No joints were found in hardware_info.");
[7.965s]       |         [01;31m[K^~~~~~~~~~~~[m[K
[7.965s] In file included from [01m[K/opt/ros/jazzy/include/rclcpp/rclcpp/logging.hpp:24[m[K:
[7.965s] [01m[K/home/marlon/ras/RAS-Lerobot-/src/lerobot/lerobot_gazebo_plugins/src/lerobot_moveit_adapter.cpp:235:22:[m[K [01;31m[Kerror: [m[Kinvalid use of ‘[01m[Kthis[m[K’ in non-member function
[7.965s]   235 |         RCLCPP_ERROR([01;31m[Kthis[m[K->nh_->get_logger(), "No joints were found in hardware_info.");
[7.965s]       |                      [01;31m[K^~~~[m[K
[7.965s] [01m[K/home/marlon/ras/RAS-Lerobot-/src/lerobot/lerobot_gazebo_plugins/src/lerobot_moveit_adapter.cpp:235:22:[m[K [01;31m[Kerror: [m[Kinvalid use of ‘[01m[Kthis[m[K’ in non-member function
[7.965s]   235 |         RCLCPP_ERROR([01;31m[Kthis[m[K->nh_->get_logger(), "No joints were found in hardware_info.");
[7.965s]       |                      [01;31m[K^~~~[m[K
[7.966s] [01m[K/home/marlon/ras/RAS-Lerobot-/src/lerobot/lerobot_gazebo_plugins/src/lerobot_moveit_adapter.cpp:247:17:[m[K [01;31m[Kerror: [m[Kinvalid use of ‘[01m[Kthis[m[K’ in non-member function
[7.966s]   247 |                 [01;31m[Kthis[m[K->nh_->get_logger(),
[7.966s]       |                 [01;31m[K^~~~[m[K
[7.966s] [01m[K/home/marlon/ras/RAS-Lerobot-/src/lerobot/lerobot_gazebo_plugins/src/lerobot_moveit_adapter.cpp:247:17:[m[K [01;31m[Kerror: [m[Kinvalid use of ‘[01m[Kthis[m[K’ in non-member function
[7.966s] [01m[K/home/marlon/ras/RAS-Lerobot-/src/lerobot/lerobot_gazebo_plugins/src/lerobot_moveit_adapter.cpp:246:13:[m[K [01;31m[Kerror: [m[Ktemplate argument 1 is invalid
[7.967s]   246 |             [01;31m[KRCLCPP_WARN[m[K(
[7.967s]       |             [01;31m[K^~~~~~~~~~~[m[K
[7.967s] [01m[K/home/marlon/ras/RAS-Lerobot-/src/lerobot/lerobot_gazebo_plugins/src/lerobot_moveit_adapter.cpp:247:17:[m[K [01;31m[Kerror: [m[Kinvalid use of ‘[01m[Kthis[m[K’ in non-member function
[7.967s]   247 |                 [01;31m[Kthis[m[K->nh_->get_logger(),
[7.967s]       |                 [01;31m[K^~~~[m[K
[7.967s] [01m[K/home/marlon/ras/RAS-Lerobot-/src/lerobot/lerobot_gazebo_plugins/src/lerobot_moveit_adapter.cpp:247:17:[m[K [01;31m[Kerror: [m[Kinvalid use of ‘[01m[Kthis[m[K’ in non-member function
[7.967s]   247 |                 [01;31m[Kthis[m[K->nh_->get_logger(),
[7.967s]       |                 [01;31m[K^~~~[m[K
[7.968s] [01m[K/home/marlon/ras/RAS-Lerobot-/src/lerobot/lerobot_gazebo_plugins/src/lerobot_moveit_adapter.cpp:295:21:[m[K [01;31m[Kerror: [m[Kinvalid use of ‘[01m[Kthis[m[K’ in non-member function
[7.968s]   295 |         RCLCPP_INFO([01;31m[Kthis[m[K->nh_->get_logger(), "Loading joint '%s'", joint.name.c_str());
[7.968s]       |                     [01;31m[K^~~~[m[K
[7.968s] [01m[K/home/marlon/ras/RAS-Lerobot-/src/lerobot/lerobot_gazebo_plugins/src/lerobot_moveit_adapter.cpp:295:21:[m[K [01;31m[Kerror: [m[Kinvalid use of ‘[01m[Kthis[m[K’ in non-member function
[7.968s] [01m[K/home/marlon/ras/RAS-Lerobot-/src/lerobot/lerobot_gazebo_plugins/src/lerobot_moveit_adapter.cpp:295:9:[m[K [01;31m[Kerror: [m[Ktemplate argument 1 is invalid
[7.968s]   295 |         [01;31m[KRCLCPP_INFO[m[K(this->nh_->get_logger(), "Loading joint '%s'", joint.name.c_str());
[7.968s]       |         [01;31m[K^~~~~~~~~~~[m[K
[7.968s] [01m[K/home/marlon/ras/RAS-Lerobot-/src/lerobot/lerobot_gazebo_plugins/src/lerobot_moveit_adapter.cpp:295:21:[m[K [01;31m[Kerror: [m[Kinvalid use of ‘[01m[Kthis[m[K’ in non-member function
[7.969s]   295 |         RCLCPP_INFO([01;31m[Kthis[m[K->nh_->get_logger(), "Loading joint '%s'", joint.name.c_str());
[7.969s]       |                     [01;31m[K^~~~[m[K
[7.969s] [01m[K/home/marlon/ras/RAS-Lerobot-/src/lerobot/lerobot_gazebo_plugins/src/lerobot_moveit_adapter.cpp:295:21:[m[K [01;31m[Kerror: [m[Kinvalid use of ‘[01m[Kthis[m[K’ in non-member function
[7.969s]   295 |         RCLCPP_INFO([01;31m[Kthis[m[K->nh_->get_logger(), "Loading joint '%s'", joint.name.c_str());
[7.969s]       |                     [01;31m[K^~~~[m[K
[7.969s] [01m[K/home/marlon/ras/RAS-Lerobot-/src/lerobot/lerobot_gazebo_plugins/src/lerobot_moveit_adapter.cpp:308:57:[m[K [01;31m[Kerror: [m[Kinvalid use of ‘[01m[Kthis[m[K’ in non-member function
[7.969s]   308 |                                        state_interface, [01;31m[Kthis[m[K->nh_->get_logger(), joint.name);
[7.969s]       |                                                         [01;31m[K^~~~[m[K
[7.969s] [01m[K/home/marlon/ras/RAS-Lerobot-/src/lerobot/lerobot_gazebo_plugins/src/lerobot_moveit_adapter.cpp:318:57:[m[K [01;31m[Kerror: [m[Kinvalid use of ‘[01m[Kthis[m[K’ in non-member function
[7.969s]   318 |                                        state_interface, [01;31m[Kthis[m[K->nh_->get_logger(), joint.name);
[7.969s]       |                                                         [01;31m[K^~~~[m[K
[7.969s] [01m[K/home/marlon/ras/RAS-Lerobot-/src/lerobot/lerobot_gazebo_plugins/src/lerobot_moveit_adapter.cpp:328:55:[m[K [01;31m[Kerror: [m[Kinvalid use of ‘[01m[Kthis[m[K’ in non-member function
[7.969s]   328 |                                      state_interface, [01;31m[Kthis[m[K->nh_->get_logger(), joint.name);
[7.969s]       |                                                       [01;31m[K^~~~[m[K
[7.969s] [01m[K/home/marlon/ras/RAS-Lerobot-/src/lerobot/lerobot_gazebo_plugins/src/lerobot_moveit_adapter.cpp:337:17:[m[K [01;31m[Kerror: [m[Kinvalid use of ‘[01m[Kthis[m[K’ in non-member function
[7.970s]   337 |                 [01;31m[Kthis[m[K->nh_->get_logger(),
[7.970s]       |                 [01;31m[K^~~~[m[K
[7.970s] [01m[K/home/marlon/ras/RAS-Lerobot-/src/lerobot/lerobot_gazebo_plugins/src/lerobot_moveit_adapter.cpp:337:17:[m[K [01;31m[Kerror: [m[Kinvalid use of ‘[01m[Kthis[m[K’ in non-member function
[7.970s] [01m[K/home/marlon/ras/RAS-Lerobot-/src/lerobot/lerobot_gazebo_plugins/src/lerobot_moveit_adapter.cpp:336:13:[m[K [01;31m[Kerror: [m[Ktemplate argument 1 is invalid
[7.970s]   336 |             [01;31m[KRCLCPP_WARN[m[K(
[7.970s]       |             [01;31m[K^~~~~~~~~~~[m[K
[7.970s] [01m[K/home/marlon/ras/RAS-Lerobot-/src/lerobot/lerobot_gazebo_plugins/src/lerobot_moveit_adapter.cpp:337:17:[m[K [01;31m[Kerror: [m[Kinvalid use of ‘[01m[Kthis[m[K’ in non-member function
[7.970s]   337 |                 [01;31m[Kthis[m[K->nh_->get_logger(),
[7.970s]       |                 [01;31m[K^~~~[m[K
[7.970s] [01m[K/home/marlon/ras/RAS-Lerobot-/src/lerobot/lerobot_gazebo_plugins/src/lerobot_moveit_adapter.cpp:337:17:[m[K [01;31m[Kerror: [m[Kinvalid use of ‘[01m[Kthis[m[K’ in non-member function
[7.970s]   337 |                 [01;31m[Kthis[m[K->nh_->get_logger(),
[7.970s]       |                 [01;31m[K^~~~[m[K
[7.970s] [01m[K/home/marlon/ras/RAS-Lerobot-/src/lerobot/lerobot_gazebo_plugins/src/lerobot_moveit_adapter.cpp:350:21:[m[K [01;31m[Kerror: [m[Kinvalid use of ‘[01m[Kthis[m[K’ in non-member function
[7.970s]   350 |                     [01;31m[Kthis[m[K->nh_->get_logger(),
[7.970s]       |                     [01;31m[K^~~~[m[K
[7.970s] [01m[K/home/marlon/ras/RAS-Lerobot-/src/lerobot/lerobot_gazebo_plugins/src/lerobot_moveit_adapter.cpp:350:21:[m[K [01;31m[Kerror: [m[Kinvalid use of ‘[01m[Kthis[m[K’ in non-member function
[7.970s] [01m[K/home/marlon/ras/RAS-Lerobot-/src/lerobot/lerobot_gazebo_plugins/src/lerobot_moveit_adapter.cpp:349:17:[m[K [01;31m[Kerror: [m[Ktemplate argument 1 is invalid
[7.970s]   349 |                 [01;31m[KRCLCPP_WARN[m[K(
[7.971s]       |                 [01;31m[K^~~~~~~~~~~[m[K
[7.971s] [01m[K/home/marlon/ras/RAS-Lerobot-/src/lerobot/lerobot_gazebo_plugins/src/lerobot_moveit_adapter.cpp:350:21:[m[K [01;31m[Kerror: [m[Kinvalid use of ‘[01m[Kthis[m[K’ in non-member function
[7.971s]   350 |                     [01;31m[Kthis[m[K->nh_->get_logger(),
[7.971s]       |                     [01;31m[K^~~~[m[K
[7.971s] [01m[K/home/marlon/ras/RAS-Lerobot-/src/lerobot/lerobot_gazebo_plugins/src/lerobot_moveit_adapter.cpp:350:21:[m[K [01;31m[Kerror: [m[Kinvalid use of ‘[01m[Kthis[m[K’ in non-member function
[7.971s]   350 |                     [01;31m[Kthis[m[K->nh_->get_logger(),
[7.971s]       |                     [01;31m[K^~~~[m[K
[7.971s] [01m[K/home/marlon/ras/RAS-Lerobot-/src/lerobot/lerobot_gazebo_plugins/src/lerobot_moveit_adapter.cpp:358:72:[m[K [01;31m[Kerror: [m[Kinvalid use of ‘[01m[Kthis[m[K’ in non-member function
[7.971s]   358 |             joint.gz_command_topic = resolve_command_topic(joint_info, [01;31m[Kthis[m[K->nh_->get_logger());
[7.971s]       |                                                                        [01;31m[K^~~~[m[K
[7.971s] [01m[K/home/marlon/ras/RAS-Lerobot-/src/lerobot/lerobot_gazebo_plugins/src/lerobot_moveit_adapter.cpp:360:63:[m[K [01;31m[Kerror: [m[Kexpected primary-expression before ‘[01m[K>[m[K’ token
[7.971s]   360 |                 data_ptr_->gz_node->Advertise<gz::msgs::Double[01;31m[K>[m[K(joint.gz_command_topic);
[7.971s]       |                                                               [01;31m[K^[m[K
[7.971s] [01m[K/home/marlon/ras/RAS-Lerobot-/src/lerobot/lerobot_gazebo_plugins/src/lerobot_moveit_adapter.cpp:367:17:[m[K [01;31m[Kerror: [m[Kinvalid use of ‘[01m[Kthis[m[K’ in non-member function
[7.971s]   367 |                 [01;31m[Kthis[m[K->nh_->get_logger(),
[7.971s]       |                 [01;31m[K^~~~[m[K
[7.971s] [01m[K/home/marlon/ras/RAS-Lerobot-/src/lerobot/lerobot_gazebo_plugins/src/lerobot_moveit_adapter.cpp:367:17:[m[K [01;31m[Kerror: [m[Kinvalid use of ‘[01m[Kthis[m[K’ in non-member function
[7.972s] [01m[K/home/marlon/ras/RAS-Lerobot-/src/lerobot/lerobot_gazebo_plugins/src/lerobot_moveit_adapter.cpp:366:13:[m[K [01;31m[Kerror: [m[Ktemplate argument 1 is invalid
[7.972s]   366 |             [01;31m[KRCLCPP_INFO[m[K(
[7.972s]       |             [01;31m[K^~~~~~~~~~~[m[K
[7.972s] [01m[K/home/marlon/ras/RAS-Lerobot-/src/lerobot/lerobot_gazebo_plugins/src/lerobot_moveit_adapter.cpp:367:17:[m[K [01;31m[Kerror: [m[Kinvalid use of ‘[01m[Kthis[m[K’ in non-member function
[7.972s]   367 |                 [01;31m[Kthis[m[K->nh_->get_logger(),
[7.972s]       |                 [01;31m[K^~~~[m[K
[7.972s] [01m[K/home/marlon/ras/RAS-Lerobot-/src/lerobot/lerobot_gazebo_plugins/src/lerobot_moveit_adapter.cpp:367:17:[m[K [01;31m[Kerror: [m[Kinvalid use of ‘[01m[Kthis[m[K’ in non-member function
[7.972s]   367 |                 [01;31m[Kthis[m[K->nh_->get_logger(),
[7.972s]       |                 [01;31m[K^~~~[m[K
[7.972s] [01m[K/home/marlon/ras/RAS-Lerobot-/src/lerobot/lerobot_gazebo_plugins/src/lerobot_moveit_adapter.cpp:395:22:[m[K [01;31m[Kerror: [m[Kinvalid use of ‘[01m[Kthis[m[K’ in non-member function
[7.972s]   395 |         RCLCPP_ERROR([01;31m[Kthis[m[K->nh_->get_logger(), "No valid joints were configured in the adapter.");
[7.972s]       |                      [01;31m[K^~~~[m[K
[7.972s] [01m[K/home/marlon/ras/RAS-Lerobot-/src/lerobot/lerobot_gazebo_plugins/src/lerobot_moveit_adapter.cpp:395:22:[m[K [01;31m[Kerror: [m[Kinvalid use of ‘[01m[Kthis[m[K’ in non-member function
[7.972s] [01m[K/home/marlon/ras/RAS-Lerobot-/src/lerobot/lerobot_gazebo_plugins/src/lerobot_moveit_adapter.cpp:395:9:[m[K [01;31m[Kerror: [m[Ktemplate argument 1 is invalid
[7.972s]   395 |         [01;31m[KRCLCPP_ERROR[m[K(this->nh_->get_logger(), "No valid joints were configured in the adapter.");
[7.972s]       |         [01;31m[K^~~~~~~~~~~~[m[K
[7.972s] [01m[K/home/marlon/ras/RAS-Lerobot-/src/lerobot/lerobot_gazebo_plugins/src/lerobot_moveit_adapter.cpp:395:22:[m[K [01;31m[Kerror: [m[Kinvalid use of ‘[01m[Kthis[m[K’ in non-member function
[7.972s]   395 |         RCLCPP_ERROR([01;31m[Kthis[m[K->nh_->get_logger(), "No valid joints were configured in the adapter.");
[7.972s]       |                      [01;31m[K^~~~[m[K
[7.972s] [01m[K/home/marlon/ras/RAS-Lerobot-/src/lerobot/lerobot_gazebo_plugins/src/lerobot_moveit_adapter.cpp:395:22:[m[K [01;31m[Kerror: [m[Kinvalid use of ‘[01m[Kthis[m[K’ in non-member function
[7.973s]   395 |         RCLCPP_ERROR([01;31m[Kthis[m[K->nh_->get_logger(), "No valid joints were configured in the adapter.");
[7.973s]       |                      [01;31m[K^~~~[m[K
[7.973s] [01m[K/home/marlon/ras/RAS-Lerobot-/src/lerobot/lerobot_gazebo_plugins/src/lerobot_moveit_adapter.cpp:[m[K At global scope:
[7.973s] [01m[K/home/marlon/ras/RAS-Lerobot-/src/lerobot/lerobot_gazebo_plugins/src/lerobot_moveit_adapter.cpp:406:16:[m[K [01;31m[Kerror: [m[K‘[01m[KLerobotMoveItAdapter[m[K’ has not been declared
[7.973s]   406 | CallbackReturn [01;31m[KLerobotMoveItAdapter[m[K::on_init(
[7.973s]       |                [01;31m[K^~~~~~~~~~~~~~~~~~~~[m[K
[7.973s] [01m[K/home/marlon/ras/RAS-Lerobot-/src/lerobot/lerobot_gazebo_plugins/src/lerobot_moveit_adapter.cpp:[m[K In function ‘[01m[Klerobot_gazebo_plugins::CallbackReturn lerobot_gazebo_plugins::[01;32m[Kon_init[m[K(const hardware_interface::HardwareComponentInterfaceParams&)[m[K’:
[7.973s] [01m[K/home/marlon/ras/RAS-Lerobot-/src/lerobot/lerobot_gazebo_plugins/src/lerobot_moveit_adapter.cpp:409:53:[m[K [01;31m[Kerror: [m[Kcannot call member function ‘[01m[Kvirtual rclcpp_lifecycle::node_interfaces::LifecycleNodeInterface::CallbackReturn hardware_interface::HardwareComponentInterface::[01;32m[Kon_init[m[K(const hardware_interface::HardwareComponentInterfaceParams&)[m[K’ without object
[7.973s]   409 |     if ([01;31m[Khardware_interface::SystemInterface::on_init(params)[m[K != CallbackReturn::SUCCESS) {
[7.973s]       |         [01;31m[K~~~~~~~~~~~~~~~~~~~~~~~~~~~~~~~~~~~~~~~~~~~~^~~~~~~~[m[K
[7.973s] [01m[K/home/marlon/ras/RAS-Lerobot-/src/lerobot/lerobot_gazebo_plugins/src/lerobot_moveit_adapter.cpp:[m[K At global scope:
[7.973s] [01m[K/home/marlon/ras/RAS-Lerobot-/src/lerobot/lerobot_gazebo_plugins/src/lerobot_moveit_adapter.cpp:416:16:[m[K [01;31m[Kerror: [m[K‘[01m[KLerobotMoveItAdapter[m[K’ has not been declared
[7.973s]   416 | CallbackReturn [01;31m[KLerobotMoveItAdapter[m[K::on_configure(
[7.973s]       |                [01;31m[K^~~~~~~~~~~~~~~~~~~~[m[K
[7.973s] [01m[K/home/marlon/ras/RAS-Lerobot-/src/lerobot/lerobot_gazebo_plugins/src/lerobot_moveit_adapter.cpp:[m[K In function ‘[01m[Klerobot_gazebo_plugins::CallbackReturn lerobot_gazebo_plugins::[01;32m[Kon_configure[m[K(const rclcpp_lifecycle::State&)[m[K’:
[7.973s] [01m[K/home/marlon/ras/RAS-Lerobot-/src/lerobot/lerobot_gazebo_plugins/src/lerobot_moveit_adapter.cpp:419:17:[m[K [01;31m[Kerror: [m[Kinvalid use of ‘[01m[Kthis[m[K’ in non-member function
[7.973s]   419 |     RCLCPP_INFO([01;31m[Kthis[m[K->nh_->get_logger(), "LerobotMoveItAdapter configured successfully.");
[7.973s]       |                 [01;31m[K^~~~[m[K
[7.973s] [01m[K/home/marlon/ras/RAS-Lerobot-/src/lerobot/lerobot_gazebo_plugins/src/lerobot_moveit_adapter.cpp:419:17:[m[K [01;31m[Kerror: [m[Kinvalid use of ‘[01m[Kthis[m[K’ in non-member function
[7.973s] [01m[K/home/marlon/ras/RAS-Lerobot-/src/lerobot/lerobot_gazebo_plugins/src/lerobot_moveit_adapter.cpp:419:5:[m[K [01;31m[Kerror: [m[Ktemplate argument 1 is invalid
[7.973s]   419 |     [01;31m[KRCLCPP_INFO[m[K(this->nh_->get_logger(), "LerobotMoveItAdapter configured successfully.");
[7.973s]       |     [01;31m[K^~~~~~~~~~~[m[K
[7.974s] [01m[K/home/marlon/ras/RAS-Lerobot-/src/lerobot/lerobot_gazebo_plugins/src/lerobot_moveit_adapter.cpp:419:17:[m[K [01;31m[Kerror: [m[Kinvalid use of ‘[01m[Kthis[m[K’ in non-member function
[7.974s]   419 |     RCLCPP_INFO([01;31m[Kthis[m[K->nh_->get_logger(), "LerobotMoveItAdapter configured successfully.");
[7.974s]       |                 [01;31m[K^~~~[m[K
[7.974s] [01m[K/home/marlon/ras/RAS-Lerobot-/src/lerobot/lerobot_gazebo_plugins/src/lerobot_moveit_adapter.cpp:419:17:[m[K [01;31m[Kerror: [m[Kinvalid use of ‘[01m[Kthis[m[K’ in non-member function
[7.974s]   419 |     RCLCPP_INFO([01;31m[Kthis[m[K->nh_->get_logger(), "LerobotMoveItAdapter configured successfully.");
[7.974s]       |                 [01;31m[K^~~~[m[K
[7.974s] [01m[K/home/marlon/ras/RAS-Lerobot-/src/lerobot/lerobot_gazebo_plugins/src/lerobot_moveit_adapter.cpp:[m[K At global scope:
[7.974s] [01m[K/home/marlon/ras/RAS-Lerobot-/src/lerobot/lerobot_gazebo_plugins/src/lerobot_moveit_adapter.cpp:423:16:[m[K [01;31m[Kerror: [m[K‘[01m[KLerobotMoveItAdapter[m[K’ has not been declared
[7.974s]   423 | CallbackReturn [01;31m[KLerobotMoveItAdapter[m[K::on_activate(
[7.974s]       |                [01;31m[K^~~~~~~~~~~~~~~~~~~~[m[K
[7.977s] [01m[K/home/marlon/ras/RAS-Lerobot-/src/lerobot/lerobot_gazebo_plugins/src/lerobot_moveit_adapter.cpp:[m[K In function ‘[01m[Klerobot_gazebo_plugins::CallbackReturn lerobot_gazebo_plugins::[01;32m[Kon_activate[m[K(const rclcpp_lifecycle::State&)[m[K’:
[7.977s] [01m[K/home/marlon/ras/RAS-Lerobot-/src/lerobot/lerobot_gazebo_plugins/src/lerobot_moveit_adapter.cpp:426:5:[m[K [01;31m[Kerror: [m[K‘[01m[Kdata_ptr_[m[K’ was not declared in this scope
[7.977s]   426 |     [01;31m[Kdata_ptr_[m[K->is_active = true;
[7.977s]       |     [01;31m[K^~~~~~~~~[m[K
[7.977s] [01m[K/home/marlon/ras/RAS-Lerobot-/src/lerobot/lerobot_gazebo_plugins/src/lerobot_moveit_adapter.cpp:450:17:[m[K [01;31m[Kerror: [m[Kinvalid use of ‘[01m[Kthis[m[K’ in non-member function
[7.977s]   450 |     RCLCPP_INFO([01;31m[Kthis[m[K->nh_->get_logger(), "LerobotMoveItAdapter activated.");
[7.977s]       |                 [01;31m[K^~~~[m[K
[7.977s] [01m[K/home/marlon/ras/RAS-Lerobot-/src/lerobot/lerobot_gazebo_plugins/src/lerobot_moveit_adapter.cpp:450:17:[m[K [01;31m[Kerror: [m[Kinvalid use of ‘[01m[Kthis[m[K’ in non-member function
[7.977s] [01m[K/home/marlon/ras/RAS-Lerobot-/src/lerobot/lerobot_gazebo_plugins/src/lerobot_moveit_adapter.cpp:450:5:[m[K [01;31m[Kerror: [m[Ktemplate argument 1 is invalid
[7.977s]   450 |     [01;31m[KRCLCPP_INFO[m[K(this->nh_->get_logger(), "LerobotMoveItAdapter activated.");
[7.977s]       |     [01;31m[K^~~~~~~~~~~[m[K
[7.977s] [01m[K/home/marlon/ras/RAS-Lerobot-/src/lerobot/lerobot_gazebo_plugins/src/lerobot_moveit_adapter.cpp:450:17:[m[K [01;31m[Kerror: [m[Kinvalid use of ‘[01m[Kthis[m[K’ in non-member function
[7.977s]   450 |     RCLCPP_INFO([01;31m[Kthis[m[K->nh_->get_logger(), "LerobotMoveItAdapter activated.");
[7.977s]       |                 [01;31m[K^~~~[m[K
[7.977s] [01m[K/home/marlon/ras/RAS-Lerobot-/src/lerobot/lerobot_gazebo_plugins/src/lerobot_moveit_adapter.cpp:450:17:[m[K [01;31m[Kerror: [m[Kinvalid use of ‘[01m[Kthis[m[K’ in non-member function
[7.978s]   450 |     RCLCPP_INFO([01;31m[Kthis[m[K->nh_->get_logger(), "LerobotMoveItAdapter activated.");
[7.978s]       |                 [01;31m[K^~~~[m[K
[7.978s] [01m[K/home/marlon/ras/RAS-Lerobot-/src/lerobot/lerobot_gazebo_plugins/src/lerobot_moveit_adapter.cpp:[m[K At global scope:
[7.978s] [01m[K/home/marlon/ras/RAS-Lerobot-/src/lerobot/lerobot_gazebo_plugins/src/lerobot_moveit_adapter.cpp:454:16:[m[K [01;31m[Kerror: [m[K‘[01m[KLerobotMoveItAdapter[m[K’ has not been declared
[7.978s]   454 | CallbackReturn [01;31m[KLerobotMoveItAdapter[m[K::on_deactivate(
[7.978s]       |                [01;31m[K^~~~~~~~~~~~~~~~~~~~[m[K
[7.981s] [01m[K/home/marlon/ras/RAS-Lerobot-/src/lerobot/lerobot_gazebo_plugins/src/lerobot_moveit_adapter.cpp:[m[K In function ‘[01m[Klerobot_gazebo_plugins::CallbackReturn lerobot_gazebo_plugins::[01;32m[Kon_deactivate[m[K(const rclcpp_lifecycle::State&)[m[K’:
[7.981s] [01m[K/home/marlon/ras/RAS-Lerobot-/src/lerobot/lerobot_gazebo_plugins/src/lerobot_moveit_adapter.cpp:457:5:[m[K [01;31m[Kerror: [m[K‘[01m[Kdata_ptr_[m[K’ was not declared in this scope
[7.981s]   457 |     [01;31m[Kdata_ptr_[m[K->is_active = false;
[7.981s]       |     [01;31m[K^~~~~~~~~[m[K
[7.981s] [01m[K/home/marlon/ras/RAS-Lerobot-/src/lerobot/lerobot_gazebo_plugins/src/lerobot_moveit_adapter.cpp:458:17:[m[K [01;31m[Kerror: [m[Kinvalid use of ‘[01m[Kthis[m[K’ in non-member function
[7.981s]   458 |     RCLCPP_INFO([01;31m[Kthis[m[K->nh_->get_logger(), "LerobotMoveItAdapter deactivated.");
[7.981s]       |                 [01;31m[K^~~~[m[K
[7.981s] [01m[K/home/marlon/ras/RAS-Lerobot-/src/lerobot/lerobot_gazebo_plugins/src/lerobot_moveit_adapter.cpp:458:17:[m[K [01;31m[Kerror: [m[Kinvalid use of ‘[01m[Kthis[m[K’ in non-member function
[7.981s] [01m[K/home/marlon/ras/RAS-Lerobot-/src/lerobot/lerobot_gazebo_plugins/src/lerobot_moveit_adapter.cpp:458:5:[m[K [01;31m[Kerror: [m[Ktemplate argument 1 is invalid
[7.981s]   458 |     [01;31m[KRCLCPP_INFO[m[K(this->nh_->get_logger(), "LerobotMoveItAdapter deactivated.");
[7.981s]       |     [01;31m[K^~~~~~~~~~~[m[K
[7.981s] [01m[K/home/marlon/ras/RAS-Lerobot-/src/lerobot/lerobot_gazebo_plugins/src/lerobot_moveit_adapter.cpp:458:17:[m[K [01;31m[Kerror: [m[Kinvalid use of ‘[01m[Kthis[m[K’ in non-member function
[7.982s]   458 |     RCLCPP_INFO([01;31m[Kthis[m[K->nh_->get_logger(), "LerobotMoveItAdapter deactivated.");
[7.982s]       |                 [01;31m[K^~~~[m[K
[7.982s] [01m[K/home/marlon/ras/RAS-Lerobot-/src/lerobot/lerobot_gazebo_plugins/src/lerobot_moveit_adapter.cpp:458:17:[m[K [01;31m[Kerror: [m[Kinvalid use of ‘[01m[Kthis[m[K’ in non-member function
[7.982s]   458 |     RCLCPP_INFO([01;31m[Kthis[m[K->nh_->get_logger(), "LerobotMoveItAdapter deactivated.");
[7.982s]       |                 [01;31m[K^~~~[m[K
[7.982s] [01m[K/home/marlon/ras/RAS-Lerobot-/src/lerobot/lerobot_gazebo_plugins/src/lerobot_moveit_adapter.cpp:[m[K At global scope:
[7.982s] [01m[K/home/marlon/ras/RAS-Lerobot-/src/lerobot/lerobot_gazebo_plugins/src/lerobot_moveit_adapter.cpp:462:16:[m[K [01;31m[Kerror: [m[K‘[01m[KLerobotMoveItAdapter[m[K’ has not been declared
[7.982s]   462 | CallbackReturn [01;31m[KLerobotMoveItAdapter[m[K::on_cleanup(
[7.982s]       |                [01;31m[K^~~~~~~~~~~~~~~~~~~~[m[K
[7.984s] [01m[K/home/marlon/ras/RAS-Lerobot-/src/lerobot/lerobot_gazebo_plugins/src/lerobot_moveit_adapter.cpp:[m[K In function ‘[01m[Klerobot_gazebo_plugins::CallbackReturn lerobot_gazebo_plugins::[01;32m[Kon_cleanup[m[K(const rclcpp_lifecycle::State&)[m[K’:
[7.984s] [01m[K/home/marlon/ras/RAS-Lerobot-/src/lerobot/lerobot_gazebo_plugins/src/lerobot_moveit_adapter.cpp:465:5:[m[K [01;31m[Kerror: [m[K‘[01m[Kdata_ptr_[m[K’ was not declared in this scope
[7.985s]   465 |     [01;31m[Kdata_ptr_[m[K->is_active = false;
[7.985s]       |     [01;31m[K^~~~~~~~~[m[K
[7.985s] [01m[K/home/marlon/ras/RAS-Lerobot-/src/lerobot/lerobot_gazebo_plugins/src/lerobot_moveit_adapter.cpp:466:17:[m[K [01;31m[Kerror: [m[Kinvalid use of ‘[01m[Kthis[m[K’ in non-member function
[7.985s]   466 |     RCLCPP_INFO([01;31m[Kthis[m[K->nh_->get_logger(), "LerobotMoveItAdapter cleaned up.");
[7.985s]       |                 [01;31m[K^~~~[m[K
[7.985s] [01m[K/home/marlon/ras/RAS-Lerobot-/src/lerobot/lerobot_gazebo_plugins/src/lerobot_moveit_adapter.cpp:466:17:[m[K [01;31m[Kerror: [m[Kinvalid use of ‘[01m[Kthis[m[K’ in non-member function
[7.985s] [01m[K/home/marlon/ras/RAS-Lerobot-/src/lerobot/lerobot_gazebo_plugins/src/lerobot_moveit_adapter.cpp:466:5:[m[K [01;31m[Kerror: [m[Ktemplate argument 1 is invalid
[7.985s]   466 |     [01;31m[KRCLCPP_INFO[m[K(this->nh_->get_logger(), "LerobotMoveItAdapter cleaned up.");
[7.985s]       |     [01;31m[K^~~~~~~~~~~[m[K
[7.985s] [01m[K/home/marlon/ras/RAS-Lerobot-/src/lerobot/lerobot_gazebo_plugins/src/lerobot_moveit_adapter.cpp:466:17:[m[K [01;31m[Kerror: [m[Kinvalid use of ‘[01m[Kthis[m[K’ in non-member function
[7.985s]   466 |     RCLCPP_INFO([01;31m[Kthis[m[K->nh_->get_logger(), "LerobotMoveItAdapter cleaned up.");
[7.985s]       |                 [01;31m[K^~~~[m[K
[7.985s] [01m[K/home/marlon/ras/RAS-Lerobot-/src/lerobot/lerobot_gazebo_plugins/src/lerobot_moveit_adapter.cpp:466:17:[m[K [01;31m[Kerror: [m[Kinvalid use of ‘[01m[Kthis[m[K’ in non-member function
[7.985s]   466 |     RCLCPP_INFO([01;31m[Kthis[m[K->nh_->get_logger(), "LerobotMoveItAdapter cleaned up.");
[7.985s]       |                 [01;31m[K^~~~[m[K
[7.985s] [01m[K/home/marlon/ras/RAS-Lerobot-/src/lerobot/lerobot_gazebo_plugins/src/lerobot_moveit_adapter.cpp:[m[K At global scope:
[7.985s] [01m[K/home/marlon/ras/RAS-Lerobot-/src/lerobot/lerobot_gazebo_plugins/src/lerobot_moveit_adapter.cpp:470:16:[m[K [01;31m[Kerror: [m[K‘[01m[KLerobotMoveItAdapter[m[K’ has not been declared
[7.985s]   470 | CallbackReturn [01;31m[KLerobotMoveItAdapter[m[K::on_shutdown(
[7.985s]       |                [01;31m[K^~~~~~~~~~~~~~~~~~~~[m[K
[7.986s] [01m[K/home/marlon/ras/RAS-Lerobot-/src/lerobot/lerobot_gazebo_plugins/src/lerobot_moveit_adapter.cpp:481:1:[m[K [01;31m[Kerror: [m[K‘[01m[KLerobotMoveItAdapter[m[K’ has not been declared
[7.986s]   481 | [01;31m[KLerobotMoveItAdapter[m[K::export_state_interfaces()
[7.986s]       | [01;31m[K^~~~~~~~~~~~~~~~~~~~[m[K
[7.992s] [01m[K/home/marlon/ras/RAS-Lerobot-/src/lerobot/lerobot_gazebo_plugins/src/lerobot_moveit_adapter.cpp:[m[K In function ‘[01m[Kstd::vector<hardware_interface::StateInterface> lerobot_gazebo_plugins::[01;32m[Kexport_state_interfaces[m[K()[m[K’:
[7.992s] [01m[K/home/marlon/ras/RAS-Lerobot-/src/lerobot/lerobot_gazebo_plugins/src/lerobot_moveit_adapter.cpp:484:30:[m[K [01;31m[Kerror: [m[K‘[01m[Kdata_ptr_[m[K’ was not declared in this scope
[7.992s]   484 |     state_interfaces.reserve([01;31m[Kdata_ptr_[m[K->joints.size() * 3);
[7.992s]       |                              [01;31m[K^~~~~~~~~[m[K
[7.992s] [01m[K/home/marlon/ras/RAS-Lerobot-/src/lerobot/lerobot_gazebo_plugins/src/lerobot_moveit_adapter.cpp:[m[K At global scope:
[7.992s] [01m[K/home/marlon/ras/RAS-Lerobot-/src/lerobot/lerobot_gazebo_plugins/src/lerobot_moveit_adapter.cpp:513:1:[m[K [01;31m[Kerror: [m[K‘[01m[KLerobotMoveItAdapter[m[K’ has not been declared
[7.992s]   513 | [01;31m[KLerobotMoveItAdapter[m[K::export_command_interfaces()
[7.992s]       | [01;31m[K^~~~~~~~~~~~~~~~~~~~[m[K
[7.999s] [01m[K/home/marlon/ras/RAS-Lerobot-/src/lerobot/lerobot_gazebo_plugins/src/lerobot_moveit_adapter.cpp:[m[K In function ‘[01m[Kstd::vector<hardware_interface::CommandInterface> lerobot_gazebo_plugins::[01;32m[Kexport_command_interfaces[m[K()[m[K’:
[7.999s] [01m[K/home/marlon/ras/RAS-Lerobot-/src/lerobot/lerobot_gazebo_plugins/src/lerobot_moveit_adapter.cpp:516:32:[m[K [01;31m[Kerror: [m[K‘[01m[Kdata_ptr_[m[K’ was not declared in this scope
[7.999s]   516 |     command_interfaces.reserve([01;31m[Kdata_ptr_[m[K->joints.size());
[7.999s]       |                                [01;31m[K^~~~~~~~~[m[K
[7.999s] [01m[K/home/marlon/ras/RAS-Lerobot-/src/lerobot/lerobot_gazebo_plugins/src/lerobot_moveit_adapter.cpp:[m[K At global scope:
[8.000s] [01m[K/home/marlon/ras/RAS-Lerobot-/src/lerobot/lerobot_gazebo_plugins/src/lerobot_moveit_adapter.cpp:534:33:[m[K [01;31m[Kerror: [m[K‘[01m[KLerobotMoveItAdapter[m[K’ has not been declared
[8.000s]   534 | hardware_interface::return_type [01;31m[KLerobotMoveItAdapter[m[K::read(
[8.000s]       |                                 [01;31m[K^~~~~~~~~~~~~~~~~~~~[m[K
[8.003s] [01m[K/home/marlon/ras/RAS-Lerobot-/src/lerobot/lerobot_gazebo_plugins/src/lerobot_moveit_adapter.cpp:[m[K In function ‘[01m[Khardware_interface::return_type lerobot_gazebo_plugins::[01;32m[Kread[m[K(const rclcpp::Time&, const rclcpp::Duration&)[m[K’:
[8.003s] [01m[K/home/marlon/ras/RAS-Lerobot-/src/lerobot/lerobot_gazebo_plugins/src/lerobot_moveit_adapter.cpp:538:25:[m[K [01;31m[Kerror: [m[K‘[01m[Kdata_ptr_[m[K’ was not declared in this scope
[8.003s]   538 |     for (auto & joint : [01;31m[Kdata_ptr_[m[K->joints) {
[8.003s]       |                         [01;31m[K^~~~~~~~~[m[K
[8.004s] [01m[K/home/marlon/ras/RAS-Lerobot-/src/lerobot/lerobot_gazebo_plugins/src/lerobot_moveit_adapter.cpp:545:81:[m[K [01;31m[Kerror: [m[Kexpected primary-expression before ‘[01m[K>[m[K’ token
[8.004s]   545 |                         data_ptr_->ecm->Component<sim::components::JointPosition[01;31m[K>[m[K(joint.sim_joint))
[8.004s]       |                                                                                 [01;31m[K^[m[K
[8.004s] [01m[K/home/marlon/ras/RAS-Lerobot-/src/lerobot/lerobot_gazebo_plugins/src/lerobot_moveit_adapter.cpp:555:81:[m[K [01;31m[Kerror: [m[Kexpected primary-expression before ‘[01m[K>[m[K’ token
[8.004s]   555 |                         data_ptr_->ecm->Component<sim::components::JointVelocity[01;31m[K>[m[K(joint.sim_joint))
[8.004s]       |                                                                                 [01;31m[K^[m[K
[8.004s] [01m[K/home/marlon/ras/RAS-Lerobot-/src/lerobot/lerobot_gazebo_plugins/src/lerobot_moveit_adapter.cpp:565:90:[m[K [01;31m[Kerror: [m[Kexpected primary-expression before ‘[01m[K>[m[K’ token
[8.004s]   565 |                         data_ptr_->ecm->Component<sim::components::JointTransmittedWrench[01;31m[K>[m[K(joint.sim_joint))
[8.004s]       |                                                                                          [01;31m[K^[m[K
[8.004s] [01m[K/home/marlon/ras/RAS-Lerobot-/src/lerobot/lerobot_gazebo_plugins/src/lerobot_moveit_adapter.cpp:[m[K At global scope:
[8.004s] [01m[K/home/marlon/ras/RAS-Lerobot-/src/lerobot/lerobot_gazebo_plugins/src/lerobot_moveit_adapter.cpp:582:33:[m[K [01;31m[Kerror: [m[K‘[01m[KLerobotMoveItAdapter[m[K’ has not been declared
[8.004s]   582 | hardware_interface::return_type [01;31m[KLerobotMoveItAdapter[m[K::write(
[8.004s]       |                                 [01;31m[K^~~~~~~~~~~~~~~~~~~~[m[K
[8.007s] [01m[K/home/marlon/ras/RAS-Lerobot-/src/lerobot/lerobot_gazebo_plugins/src/lerobot_moveit_adapter.cpp:[m[K In function ‘[01m[Khardware_interface::return_type lerobot_gazebo_plugins::[01;32m[Kwrite[m[K(const rclcpp::Time&, const rclcpp::Duration&)[m[K’:
[8.007s] [01m[K/home/marlon/ras/RAS-Lerobot-/src/lerobot/lerobot_gazebo_plugins/src/lerobot_moveit_adapter.cpp:586:10:[m[K [01;31m[Kerror: [m[K‘[01m[Kdata_ptr_[m[K’ was not declared in this scope
[8.007s]   586 |     if (![01;31m[Kdata_ptr_[m[K->is_active) {
[8.007s]       |          [01;31m[K^~~~~~~~~[m[K
[8.011s] [01m[K/home/marlon/ras/RAS-Lerobot-/src/lerobot/lerobot_gazebo_plugins/src/lerobot_moveit_adapter.cpp:590:25:[m[K [01;31m[Kerror: [m[K‘[01m[Kdata_ptr_[m[K’ was not declared in this scope
[8.011s]   590 |     for (auto & joint : [01;31m[Kdata_ptr_[m[K->joints) {
[8.011s]       |                         [01;31m[K^~~~~~~~~[m[K
[8.011s] In file included from [01m[K/opt/ros/jazzy/include/class_loader/class_loader/class_loader.hpp:56[m[K,
[8.011s]                  from [01m[K/opt/ros/jazzy/include/pluginlib/pluginlib/class_list_macros.hpp:40[m[K,
[8.011s]                  from [01m[K/home/marlon/ras/RAS-Lerobot-/src/lerobot/lerobot_gazebo_plugins/src/lerobot_moveit_adapter.cpp:22[m[K:
[8.011s] [01m[K/home/marlon/ras/RAS-Lerobot-/src/lerobot/lerobot_gazebo_plugins/src/lerobot_moveit_adapter.cpp:[m[K At global scope:
[8.011s] [01m[K/home/marlon/ras/RAS-Lerobot-/src/lerobot/lerobot_gazebo_plugins/src/lerobot_moveit_adapter.cpp:621:29:[m[K [01;31m[Kerror: [m[K‘[01m[KLerobotMoveItAdapter[m[K’ in namespace ‘[01m[Klerobot_gazebo_plugins[m[K’ does not name a type; did you mean ‘[01m[KlerobotMoveItAdapter[m[K’?
[8.011s]   621 |     lerobot_gazebo_plugins::[01;31m[KLerobotMoveItAdapter[m[K,
[8.011s]       |                             [01;31m[K^~~~~~~~~~~~~~~~~~~~[m[K
[8.018s] [01m[K/home/marlon/ras/RAS-Lerobot-/src/lerobot/lerobot_gazebo_plugins/src/lerobot_moveit_adapter.cpp:[m[K In constructor ‘[01m[K{anonymous}::ProxyExec0::[01;32m[KProxyExec0[m[K()[m[K’:
[8.018s] [01m[K/home/marlon/ras/RAS-Lerobot-/src/lerobot/lerobot_gazebo_plugins/src/lerobot_moveit_adapter.cpp:620:1:[m[K [01;31m[Kerror: [m[K‘[01m[K_derived[m[K’ was not declared in this scope
[8.018s]   620 | [01;31m[KPLUGINLIB_EXPORT_CLASS[m[K(
[8.018s]       | [01;31m[K^~~~~~~~~~~~~~~~~~~~~~[m[K
[8.018s] [01m[K/home/marlon/ras/RAS-Lerobot-/src/lerobot/lerobot_gazebo_plugins/src/lerobot_moveit_adapter.cpp:620:1:[m[K [01;31m[Kerror: [m[Kno matching function for call to ‘[01m[KregisterPlugin<<expression error>, {anonymous}::ProxyExec0::_base>(const char [45], const char [42])[m[K’
[8.018s]   620 | [01;31m[KPLUGINLIB_EXPORT_CLASS[m[K(
[8.018s]       | [01;31m[K^~~~~~~~~~~~~~~~~~~~~~[m[K
[8.018s] In file included from [01m[K/opt/ros/jazzy/include/class_loader/class_loader/class_loader.hpp:55[m[K:
[8.018s] [01m[K/opt/ros/jazzy/include/class_loader/class_loader/class_loader_core.hpp:241:1:[m[K [01;36m[Knote: [m[Kcandidate: ‘[01m[Ktemplate<class Derived, class Base> class_loader::impl::UniquePtr<class_loader::impl::AbstractMetaObjectBase> class_loader::impl::[01;32m[KregisterPlugin[m[K(const std::string&, const std::string&)[m[K’
[8.018s]   241 | [01;36m[KregisterPlugin[m[K(const std::string & class_name, const std::string & base_class_name)
[8.018s]       | [01;36m[K^~~~~~~~~~~~~~[m[K
[8.018s] [01m[K/opt/ros/jazzy/include/class_loader/class_loader/class_loader_core.hpp:241:1:[m[K [01;36m[Knote: [m[K  template argument deduction/substitution failed:
[8.018s] [01m[K/home/marlon/ras/RAS-Lerobot-/src/lerobot/lerobot_gazebo_plugins/src/lerobot_moveit_adapter.cpp:620:1:[m[K [01;31m[Kerror: [m[Ktemplate argument 1 is invalid
[8.018s]   620 | [01;31m[KPLUGINLIB_EXPORT_CLASS[m[K(
[8.018s]       | [01;31m[K^~~~~~~~~~~~~~~~~~~~~~[m[K
[9.137s] [01m[K/home/marlon/ras/RAS-Lerobot-/src/lerobot/lerobot_gazebo_plugins/src/lerobot_moveit_adapter.cpp:[m[K At global scope:
[9.137s] [01m[K/home/marlon/ras/RAS-Lerobot-/src/lerobot/lerobot_gazebo_plugins/src/lerobot_moveit_adapter.cpp:129:8:[m[K [01;35m[Kwarning: [m[K‘[01m[Kdouble lerobot_gazebo_plugins::{anonymous}::[01;32m[Kcompute_scalar_effort[m[K(sdf::v14::JointType, const sdf::v14::JointAxis&, const gz::msgs::Wrench&)[m[K’ defined but not used [[01;35m[K]8;;https://gcc.gnu.org/onlinedocs/gcc/Warning-Options.html#index-Wunused-function-Wunused-function]8;;[m[K]
[9.137s]   129 | double [01;35m[Kcompute_scalar_effort[m[K(
[9.137s]       |        [01;35m[K^~~~~~~~~~~~~~~~~~~~~[m[K
[9.137s] [01m[K/home/marlon/ras/RAS-Lerobot-/src/lerobot/lerobot_gazebo_plugins/src/lerobot_moveit_adapter.cpp:96:13:[m[K [01;35m[Kwarning: [m[K‘[01m[Kstd::string lerobot_gazebo_plugins::{anonymous}::[01;32m[Kresolve_command_topic[m[K(const hardware_interface::ComponentInfo&, const rclcpp::Logger&)[m[K’ defined but not used [[01;35m[K]8;;https://gcc.gnu.org/onlinedocs/gcc/Warning-Options.html#index-Wunused-function-Wunused-function]8;;[m[K]
[9.137s]    96 | std::string [01;35m[Kresolve_command_topic[m[K(
[9.137s]       |             [01;35m[K^~~~~~~~~~~~~~~~~~~~~[m[K
[9.137s] [01m[K/home/marlon/ras/RAS-Lerobot-/src/lerobot/lerobot_gazebo_plugins/src/lerobot_moveit_adapter.cpp:74:8:[m[K [01;35m[Kwarning: [m[K‘[01m[Kdouble lerobot_gazebo_plugins::{anonymous}::[01;32m[Kparse_initial_value[m[K(const hardware_interface::InterfaceInfo&, const rclcpp::Logger&, const std::string&)[m[K’ defined but not used [[01;35m[K]8;;https://gcc.gnu.org/onlinedocs/gcc/Warning-Options.html#index-Wunused-function-Wunused-function]8;;[m[K]
[9.137s]    74 | double [01;35m[Kparse_initial_value[m[K(
[9.137s]       |        [01;35m[K^~~~~~~~~~~~~~~~~~~[m[K
[9.212s] gmake[2]: *** [CMakeFiles/lerobot_moveit_adapter.dir/build.make:76: CMakeFiles/lerobot_moveit_adapter.dir/src/lerobot_moveit_adapter.cpp.o] Error 1
[9.212s] gmake[1]: *** [CMakeFiles/Makefile2:165: CMakeFiles/lerobot_moveit_adapter.dir/all] Error 2
[9.212s] gmake: *** [Makefile:146: all] Error 2
[9.215s] Invoked command in '/home/marlon/ras/RAS-Lerobot-/src/lerobot/lerobot_gazebo_plugins/build/lerobot_gazebo_plugins' returned '2': CMAKE_PREFIX_PATH=${CMAKE_PREFIX_PATH}:/opt/ros/jazzy DEBUGINFOD_URLS=https://debuginfod.ubuntu.com /usr/bin/cmake --build /home/marlon/ras/RAS-Lerobot-/src/lerobot/lerobot_gazebo_plugins/build/lerobot_gazebo_plugins -- -j16 -l16
